<?xml version="1.0" encoding="UTF-8"?>
<testsuites>
  <testsuite name="D:\Projects\mithra62\products\ee\role_expire\system\user\addons\role_expire\Tests" tests="27" assertions="27" errors="0" warnings="0" failures="0" skipped="0" time="0.006717">
    <testsuite name="Mithra62\RoleExpire\Tests\AddonSetupTest" file="D:\Projects\mithra62\products\ee\role_expire\system\user\addons\role_expire\Tests\AddonSetupTest.php" tests="7" assertions="7" errors="0" warnings="0" failures="0" skipped="0" time="0.003806">
      <testcase name="testFileExists" class="Mithra62\RoleExpire\Tests\AddonSetupTest" classname="Mithra62.RoleExpire.Tests.AddonSetupTest" file="D:\Projects\mithra62\products\ee\role_expire\system\user\addons\role_expire\Tests\AddonSetupTest.php" line="12" assertions="1" time="0.003165"/>
      <testcase name="testAuthorValue" class="Mithra62\RoleExpire\Tests\AddonSetupTest" classname="Mithra62.RoleExpire.Tests.AddonSetupTest" file="D:\Projects\mithra62\products\ee\role_expire\system\user\addons\role_expire\Tests\AddonSetupTest.php" line="21" assertions="1" time="0.000258"/>
      <testcase name="testNameValue" class="Mithra62\RoleExpire\Tests\AddonSetupTest" classname="Mithra62.RoleExpire.Tests.AddonSetupTest" file="D:\Projects\mithra62\products\ee\role_expire\system\user\addons\role_expire\Tests\AddonSetupTest.php" line="33" assertions="1" time="0.000042"/>
      <testcase name="testNamespaceValue" class="Mithra62\RoleExpire\Tests\AddonSetupTest" classname="Mithra62.RoleExpire.Tests.AddonSetupTest" file="D:\Projects\mithra62\products\ee\role_expire\system\user\addons\role_expire\Tests\AddonSetupTest.php" line="44" assertions="1" time="0.000039"/>
      <testcase name="testSettingsValue" class="Mithra62\RoleExpire\Tests\AddonSetupTest" classname="Mithra62.RoleExpire.Tests.AddonSetupTest" file="D:\Projects\mithra62\products\ee\role_expire\system\user\addons\role_expire\Tests\AddonSetupTest.php" line="55" assertions="1" time="0.000149"/>
      <testcase name="testVersionConstDefined" class="Mithra62\RoleExpire\Tests\AddonSetupTest" classname="Mithra62.RoleExpire.Tests.AddonSetupTest" file="D:\Projects\mithra62\products\ee\role_expire\system\user\addons\role_expire\Tests\AddonSetupTest.php" line="66" assertions="1" time="0.000032"/>
      <testcase name="testVersionValue" class="Mithra62\RoleExpire\Tests\AddonSetupTest" classname="Mithra62.RoleExpire.Tests.AddonSetupTest" file="D:\Projects\mithra62\products\ee\role_expire\system\user\addons\role_expire\Tests\AddonSetupTest.php" line="77" assertions="1" time="0.000121"/>
    </testsuite>
    <testsuite name="Mithra62\RoleExpire\Tests\LangTest" file="D:\Projects\mithra62\products\ee\role_expire\system\user\addons\role_expire\Tests\LangTest.php" tests="5" assertions="5" errors="0" warnings="0" failures="0" skipped="0" time="0.000586">
      <testcase name="testLangFileExists" class="Mithra62\RoleExpire\Tests\LangTest" classname="Mithra62.RoleExpire.Tests.LangTest" file="D:\Projects\mithra62\products\ee\role_expire\system\user\addons\role_expire\Tests\LangTest.php" line="8" assertions="1" time="0.000185"/>
      <testcase name="testLangFormat" class="Mithra62\RoleExpire\Tests\LangTest" classname="Mithra62.RoleExpire.Tests.LangTest" file="D:\Projects\mithra62\products\ee\role_expire\system\user\addons\role_expire\Tests\LangTest.php" line="14" assertions="1" time="0.000101"/>
      <testcase name="testNameKeyExists" class="Mithra62\RoleExpire\Tests\LangTest" classname="Mithra62.RoleExpire.Tests.LangTest" file="D:\Projects\mithra62\products\ee\role_expire\system\user\addons\role_expire\Tests\LangTest.php" line="21" assertions="1" time="0.000225"/>
      <testcase name="testDescKeyExists" class="Mithra62\RoleExpire\Tests\LangTest" classname="Mithra62.RoleExpire.Tests.LangTest" file="D:\Projects\mithra62\products\ee\role_expire\system\user\addons\role_expire\Tests\LangTest.php" line="35" assertions="1" time="0.000040"/>
      <testcase name="testSettingKeyExists" class="Mithra62\RoleExpire\Tests\LangTest" classname="Mithra62.RoleExpire.Tests.LangTest" file="D:\Projects\mithra62\products\ee\role_expire\system\user\addons\role_expire\Tests\LangTest.php" line="46" assertions="1" time="0.000035"/>
    </testsuite>
    <testsuite name="Mithra62\RoleExpire\Tests\McpTest" file="D:\Projects\mithra62\products\ee\role_expire\system\user\addons\role_expire\Tests\McpTest.php" tests="2" assertions="2" errors="0" warnings="0" failures="0" skipped="0" time="0.000512">
      <testcase name="testMcpFileExists" class="Mithra62\RoleExpire\Tests\McpTest" classname="Mithra62.RoleExpire.Tests.McpTest" file="D:\Projects\mithra62\products\ee\role_expire\system\user\addons\role_expire\Tests\McpTest.php" line="9" assertions="1" time="0.000484"/>
      <testcase name="testMcpObjectExists" class="Mithra62\RoleExpire\Tests\McpTest" classname="Mithra62.RoleExpire.Tests.McpTest" file="D:\Projects\mithra62\products\ee\role_expire\system\user\addons\role_expire\Tests\McpTest.php" line="16" assertions="1" time="0.000028"/>
    </testsuite>
    <testsuite name="Mithra62\Grid\Pagination\Tests\ModTest" file="D:\Projects\mithra62\products\ee\role_expire\system\user\addons\role_expire\Tests\ModTest.php" tests="3" assertions="3" errors="0" warnings="0" failures="0" skipped="0" time="0.000478">
      <testcase name="testModuleFileExists" class="Mithra62\Grid\Pagination\Tests\ModTest" classname="Mithra62.Grid.Pagination.Tests.ModTest" file="D:\Projects\mithra62\products\ee\role_expire\system\user\addons\role_expire\Tests\ModTest.php" line="10" assertions="1" time="0.000309"/>
      <testcase name="testModuleObjectExists" class="Mithra62\Grid\Pagination\Tests\ModTest" classname="Mithra62.Grid.Pagination.Tests.ModTest" file="D:\Projects\mithra62\products\ee\role_expire\system\user\addons\role_expire\Tests\ModTest.php" line="17" assertions="1" time="0.000028"/>
      <testcase name="testModInstance" class="Mithra62\Grid\Pagination\Tests\ModTest" classname="Mithra62.Grid.Pagination.Tests.ModTest" file="D:\Projects\mithra62\products\ee\role_expire\system\user\addons\role_expire\Tests\ModTest.php" line="22" assertions="1" time="0.000141"/>
    </testsuite>
    <testsuite name="Mithra62\RoleExpire\Tests\UpdTest" file="D:\Projects\mithra62\products\ee\role_expire\system\user\addons\role_expire\Tests\UpdTest.php" tests="10" assertions="10" errors="0" warnings="0" failures="0" skipped="0" time="0.001334">
      <testcase name="testUpdFileExists" class="Mithra62\RoleExpire\Tests\UpdTest" classname="Mithra62.RoleExpire.Tests.UpdTest" file="D:\Projects\mithra62\products\ee\role_expire\system\user\addons\role_expire\Tests\UpdTest.php" line="11" assertions="1" time="0.000495"/>
      <testcase name="testUpdObjectExists" class="Mithra62\RoleExpire\Tests\UpdTest" classname="Mithra62.RoleExpire.Tests.UpdTest" file="D:\Projects\mithra62\products\ee\role_expire\system\user\addons\role_expire\Tests\UpdTest.php" line="18" assertions="1" time="0.000027"/>
      <testcase name="testHasCpBackendPropertyExists" class="Mithra62\RoleExpire\Tests\UpdTest" classname="Mithra62.RoleExpire.Tests.UpdTest" file="D:\Projects\mithra62\products\ee\role_expire\system\user\addons\role_expire\Tests\UpdTest.php" line="26" assertions="1" time="0.000547"/>
      <testcase name="testCpBackendPropertyValue" class="Mithra62\RoleExpire\Tests\UpdTest" classname="Mithra62.RoleExpire.Tests.UpdTest" file="D:\Projects\mithra62\products\ee\role_expire\system\user\addons\role_expire\Tests\UpdTest.php" line="38" assertions="1" time="0.000033"/>
      <testcase name="testPublishFieldsPropertyExists" class="Mithra62\RoleExpire\Tests\UpdTest" classname="Mithra62.RoleExpire.Tests.UpdTest" file="D:\Projects\mithra62\products\ee\role_expire\system\user\addons\role_expire\Tests\UpdTest.php" line="48" assertions="1" time="0.000030"/>
      <testcase name="testPublishFieldsPropertyValue" class="Mithra62\RoleExpire\Tests\UpdTest" classname="Mithra62.RoleExpire.Tests.UpdTest" file="D:\Projects\mithra62\products\ee\role_expire\system\user\addons\role_expire\Tests\UpdTest.php" line="59" assertions="1" time="0.000033"/>
      <testcase name="testInstance" class="Mithra62\RoleExpire\Tests\UpdTest" classname="Mithra62.RoleExpire.Tests.UpdTest" file="D:\Projects\mithra62\products\ee\role_expire\system\user\addons\role_expire\Tests\UpdTest.php" line="70" assertions="1" time="0.000054"/>
      <testcase name="testInstallMethodExists" class="Mithra62\RoleExpire\Tests\UpdTest" classname="Mithra62.RoleExpire.Tests.UpdTest" file="D:\Projects\mithra62\products\ee\role_expire\system\user\addons\role_expire\Tests\UpdTest.php" line="81" assertions="1" time="0.000042"/>
      <testcase name="testUninstallMethodExists" class="Mithra62\RoleExpire\Tests\UpdTest" classname="Mithra62.RoleExpire.Tests.UpdTest" file="D:\Projects\mithra62\products\ee\role_expire\system\user\addons\role_expire\Tests\UpdTest.php" line="92" assertions="1" time="0.000037"/>
      <testcase name="testUpdateMethodExists" class="Mithra62\RoleExpire\Tests\UpdTest" classname="Mithra62.RoleExpire.Tests.UpdTest" file="D:\Projects\mithra62\products\ee\role_expire\system\user\addons\role_expire\Tests\UpdTest.php" line="103" assertions="1" time="0.000036"/>
    </testsuite>
  </testsuite>
</testsuites>
